[debug] [2025-03-20T20:50:27.855Z] ----------------------------------------------------------------------
[debug] [2025-03-20T20:50:27.865Z] Command:       C:\Program Files\nodejs\node.exe C:\Users\user\AppData\Roaming\npm\node_modules\firebase-tools\lib\bin\firebase.js deploy --debug
[debug] [2025-03-20T20:50:27.865Z] CLI Version:   13.34.0
[debug] [2025-03-20T20:50:27.865Z] Platform:      win32
[debug] [2025-03-20T20:50:27.865Z] Node Version:  v22.14.0
[debug] [2025-03-20T20:50:27.866Z] Time:          Thu Mar 20 2025 23:50:27 GMT+0300 (GMT+03:00)
[debug] [2025-03-20T20:50:27.866Z] ----------------------------------------------------------------------
[debug] 
[debug] [2025-03-20T20:50:28.005Z] > command requires scopes: ["email","openid","https://www.googleapis.com/auth/cloudplatformprojects.readonly","https://www.googleapis.com/auth/firebase","https://www.googleapis.com/auth/cloud-platform"]
[debug] [2025-03-20T20:50:28.009Z] > authorizing via signed-in user (onurozturkler@gmail.com)
[debug] [2025-03-20T20:50:28.009Z] [iam] checking project escafood-muhasebe-2 for permissions ["firebase.projects.get","firebasehosting.sites.update"]
[debug] [2025-03-20T20:50:28.012Z] Checked if tokens are valid: false, expires at: 1742504073566
[debug] [2025-03-20T20:50:28.012Z] Checked if tokens are valid: false, expires at: 1742504073566
[debug] [2025-03-20T20:50:28.012Z] > refreshing access token with scopes: []
[debug] [2025-03-20T20:50:28.014Z] >>> [apiv2][query] POST https://www.googleapis.com/oauth2/v3/token [none]
[debug] [2025-03-20T20:50:28.014Z] >>> [apiv2][body] POST https://www.googleapis.com/oauth2/v3/token [omitted]
[debug] [2025-03-20T20:50:28.290Z] <<< [apiv2][status] POST https://www.googleapis.com/oauth2/v3/token 200
[debug] [2025-03-20T20:50:28.291Z] <<< [apiv2][body] POST https://www.googleapis.com/oauth2/v3/token [omitted]
[debug] [2025-03-20T20:50:28.299Z] >>> [apiv2][query] POST https://cloudresourcemanager.googleapis.com/v1/projects/escafood-muhasebe-2:testIamPermissions [none]
[debug] [2025-03-20T20:50:28.299Z] >>> [apiv2][(partial)header] POST https://cloudresourcemanager.googleapis.com/v1/projects/escafood-muhasebe-2:testIamPermissions x-goog-quota-user=projects/escafood-muhasebe-2
[debug] [2025-03-20T20:50:28.300Z] >>> [apiv2][body] POST https://cloudresourcemanager.googleapis.com/v1/projects/escafood-muhasebe-2:testIamPermissions {"permissions":["firebase.projects.get","firebasehosting.sites.update"]}
[debug] [2025-03-20T20:50:29.261Z] <<< [apiv2][status] POST https://cloudresourcemanager.googleapis.com/v1/projects/escafood-muhasebe-2:testIamPermissions 200
[debug] [2025-03-20T20:50:29.261Z] <<< [apiv2][body] POST https://cloudresourcemanager.googleapis.com/v1/projects/escafood-muhasebe-2:testIamPermissions {"permissions":["firebase.projects.get","firebasehosting.sites.update"]}
[debug] [2025-03-20T20:50:29.264Z] Checked if tokens are valid: true, expires at: 1742507427292
[debug] [2025-03-20T20:50:29.265Z] Checked if tokens are valid: true, expires at: 1742507427292
[debug] [2025-03-20T20:50:29.265Z] >>> [apiv2][query] GET https://firebase.googleapis.com/v1beta1/projects/escafood-muhasebe-2 [none]
[debug] [2025-03-20T20:50:29.692Z] <<< [apiv2][status] GET https://firebase.googleapis.com/v1beta1/projects/escafood-muhasebe-2 200
[debug] [2025-03-20T20:50:29.693Z] <<< [apiv2][body] GET https://firebase.googleapis.com/v1beta1/projects/escafood-muhasebe-2 {"projectId":"escafood-muhasebe-2","projectNumber":"192904643406","displayName":"ESCAFOOD-MUHASEBE-2","name":"projects/escafood-muhasebe-2","resources":{"hostingSite":"escafood-muhasebe-2"},"state":"ACTIVE","etag":"1_fdcb9f6d-f95b-4ae0-8818-633fd705e81c"}
[info] 
[info] === Deploying to 'escafood-muhasebe-2'...
[info] 
[info] i  deploying hosting 
[debug] [2025-03-20T20:50:29.704Z] Checked if tokens are valid: true, expires at: 1742507427292
[debug] [2025-03-20T20:50:29.705Z] Checked if tokens are valid: true, expires at: 1742507427292
[debug] [2025-03-20T20:50:29.705Z] >>> [apiv2][query] POST https://firebasehosting.googleapis.com/v1beta1/projects/-/sites/escafood-muhasebe-2/versions [none]
[debug] [2025-03-20T20:50:29.705Z] >>> [apiv2][body] POST https://firebasehosting.googleapis.com/v1beta1/projects/-/sites/escafood-muhasebe-2/versions {"status":"CREATED","labels":{"deployment-tool":"cli-firebase"}}
[debug] [2025-03-20T20:50:31.188Z] <<< [apiv2][status] POST https://firebasehosting.googleapis.com/v1beta1/projects/-/sites/escafood-muhasebe-2/versions 200
[debug] [2025-03-20T20:50:31.188Z] <<< [apiv2][body] POST https://firebasehosting.googleapis.com/v1beta1/projects/-/sites/escafood-muhasebe-2/versions {"name":"projects/192904643406/sites/escafood-muhasebe-2/versions/831c9f24ec4b90de","status":"CREATED","config":{},"labels":{"deployment-tool":"cli-firebase"}}
[info] i  hosting[escafood-muhasebe-2]: beginning deploy... 
[info] i  hosting[escafood-muhasebe-2]: found 31 files in build 
[debug] [2025-03-20T20:50:31.217Z] [hosting] uploading with 200 concurrency
[debug] [2025-03-20T20:50:31.221Z] Checked if tokens are valid: true, expires at: 1742507427292
[debug] [2025-03-20T20:50:31.222Z] Checked if tokens are valid: true, expires at: 1742507427292
[debug] [2025-03-20T20:50:31.224Z] [hosting] hash cache [YnVpbGQ] stored for 31 files
[debug] [2025-03-20T20:50:31.224Z] [hosting][hash queue][FINAL] {"max":1,"min":0,"avg":0,"active":0,"complete":31,"success":31,"errored":0,"retried":0,"total":31,"elapsed":4}
[debug] [2025-03-20T20:50:31.224Z] >>> [apiv2][query] POST https://firebasehosting.googleapis.com/v1beta1/projects/192904643406/sites/escafood-muhasebe-2/versions/831c9f24ec4b90de:populateFiles [none]
[debug] [2025-03-20T20:50:31.225Z] >>> [apiv2][body] POST https://firebasehosting.googleapis.com/v1beta1/projects/192904643406/sites/escafood-muhasebe-2/versions/831c9f24ec4b90de:populateFiles {"files":{"/robots.txt":"bfe106a3fb878dc83461c86818bf74fc1bdc7f28538ba613cd3e775516ce8b49\r","/manifest.json":"ee04fb47e525c67d8424ffe9b4d8a8a24e434504478afca4e0ca602146836d4c\r","/logo512.png":"212b102aa09e51b3b3e06647e81f7801a61333e171f6582e8124379aabccb41d\r","/logo192.png":"79e2b749561016bc8af300ea19f48347ceed3cb1a54f48ae456172eca45e08f0\r","/index.html":"2de7d811d15a4dfe5b53e15a8e51e7b8104dd90ac0b9290b5496f0c41cf40e20","/favicon.ico":"27edce7be5922cf0bef7d4136f69b5bfbdd5bf8c13c7b026f71187d41a00aa7d\r","/asset-manifest.json":"09c3c0c66c7088ea7a79e73a2a8b6dd875b6cec31870e6530bdb67d99ac0fb91","/static/js/main.b99f1f1d.js.map":"dd3cd2448e3a4ace3a51243aec6c8b2b725584932ddad6c1604fbc4bb0fdb29f","/static/js/main.b99f1f1d.js.LICENSE.txt":"8bbadb437b6c4540bd61b19c0b4cd411a5a08433fd229bad15791d84d0e2ad0b","/static/js/main.b99f1f1d.js":"072d7d32850dc3e42ee5e106e6d1f2b963dc95425e81d49ff57bb84d1ec3b935","/static/js/977.5e4e53b1.chunk.js.LICENSE.txt":"19c31bff48f1146fcd57b77ea77d34400362d2e88680d1016f04fc84673b8d45","/static/js/977.5e4e53b1.chunk.js":"ec278045ca9e6d148c8475caa658c61ff4c1282cdacd2bdcb0425464a1d4d10a","/static/js/732.182e018e.chunk.js.map":"03369322c2b1bc0fbe6899021fd927242791aa1793f2aba730e5e3ebb473fb29","/static/js/732.182e018e.chunk.js":"73f05aa95d339c2c6729620fb9d8380fa0cb90ee3943f16b6eda2d03d7bb8d4f","/static/js/239.a34ad1cc.chunk.js.map":"496fc17900ca647adc2ff8a4866f7f06f7175fc878855c073d292abca990a091","/static/js/239.a34ad1cc.chunk.js.LICENSE.txt":"34d91dd0d6d9f3527133408f15dfc02a02d685ae5404131418862e772d3db0a8","/static/js/239.a34ad1cc.chunk.js":"46735189b8087e6499165288c11420dc6c13d519fe994f764a8aa08f9e410a1f","/static/css/main.83392733.css.map":"154cad7181beab00df000084e28748dc6863bf569d8d01fe2191c7f1a632dec9","/static/css/main.83392733.css":"26b1584ffa696c9a67438b2f69320a3a89465be7e614ce386f909e2dba7c8f9e","/fonts/DejaVuSansCondensed.ttf":"958506dd723e3a86c74056f5e1e43f8fd05329bd93743e3ba051c9270c240467\r","/fonts/DejaVuSansCondensed-Oblique.ttf":"1f2d05077708425354e323f4977abcc2bb5db17ca2527e2b65b84ed7e90c03c0\r","/fonts/DejaVuSansCondensed-BoldOblique.ttf":"88b940f7eb62fc822e86a1825e4bdf1cad583d17c9373dc87e33763eeb93937b\r","/fonts/DejaVuSansCondensed-Bold.ttf":"21ae6a6476a7ed4b9d17e96003ffbaa7879b2833746ee61515569c42999e3bd9\r","/fonts/dejaVuSansBase64.txt":"eead3adb3a843a6d9c9cf97b90ad1903bd0203e9789e8b608c1c00065aa9d5a1\r","/fonts/dejaVuSansBase64.ttf":"eead3adb3a843a6d9c9cf97b90ad1903bd0203e9789e8b608c1c00065aa9d5a1\r","/fonts/dejaVuSansBase64 3.ttf":"6bcd41f618b820132b79ef1154e0caa3d031e83e17f97e5d568784040c2ee834\r","/fonts/DejaVuSans.ttf":"6bcd41f618b820132b79ef1154e0caa3d031e83e17f97e5d568784040c2ee834\r","/fonts/DejaVuSans-Oblique.ttf":"278e490d7842c69d66d82352097a95221a0802bf6b260428210143a8a6fd8c8c\r","/fonts/DejaVuSans-ExtraLight.ttf":"c5bf5b247f6f51314c0f39045f17bfae9dd0961891f54ee6d4b76d80d741c769\r","/fonts/DejaVuSans-BoldOblique.ttf":"1608e998eea03db09aba9af55834d71c2646973adad687537630645a12b8a846\r","/fonts/DejaVuSans-Bold.ttf":"036a0d63d24a411948abef1c134f16c795f09c6edbe41d86c4024c80bf0ecdc4\r"}}
[debug] [2025-03-20T20:50:31.563Z] <<< [apiv2][status] POST https://firebasehosting.googleapis.com/v1beta1/projects/192904643406/sites/escafood-muhasebe-2/versions/831c9f24ec4b90de:populateFiles 200
[debug] [2025-03-20T20:50:31.563Z] <<< [apiv2][body] POST https://firebasehosting.googleapis.com/v1beta1/projects/192904643406/sites/escafood-muhasebe-2/versions/831c9f24ec4b90de:populateFiles {"uploadUrl":"https://upload-firebasehosting.googleapis.com/upload/sites/escafood-muhasebe-2/versions/831c9f24ec4b90de/files"}
[debug] [2025-03-20T20:50:31.564Z] [hosting][populate queue][FINAL] {"max":343,"min":343,"avg":343,"active":0,"complete":1,"success":1,"errored":0,"retried":0,"total":1,"elapsed":343}
[debug] [2025-03-20T20:50:31.565Z] [hosting] uploads queued: 0
[debug] [2025-03-20T20:50:31.565Z] [hosting][upload queue][FINAL] {"max":0,"min":9999999999,"avg":0,"active":0,"complete":0,"success":0,"errored":0,"retried":0,"total":0,"elapsed":1742503831565}
[info] i  hosting: upload complete 
[info] +  hosting[escafood-muhasebe-2]: file upload complete 
[debug] [2025-03-20T20:50:31.567Z] [hosting] deploy completed after 374ms
[debug] [2025-03-20T20:50:31.567Z] [
  {
    "config": {
      "public": "build",
      "ignore": [
        "firebase.json",
        "**/.*",
        "**/node_modules/**"
      ],
      "site": "escafood-muhasebe-2"
    },
    "version": "projects/192904643406/sites/escafood-muhasebe-2/versions/831c9f24ec4b90de"
  }
]
[info] i  hosting[escafood-muhasebe-2]: finalizing version... 
[debug] [2025-03-20T20:50:31.571Z] Checked if tokens are valid: true, expires at: 1742507427292
[debug] [2025-03-20T20:50:31.571Z] Checked if tokens are valid: true, expires at: 1742507427292
[debug] [2025-03-20T20:50:31.573Z] >>> [apiv2][query] PATCH https://firebasehosting.googleapis.com/v1beta1/projects/-/sites/escafood-muhasebe-2/versions/831c9f24ec4b90de updateMask=status%2Cconfig
[debug] [2025-03-20T20:50:31.573Z] >>> [apiv2][body] PATCH https://firebasehosting.googleapis.com/v1beta1/projects/-/sites/escafood-muhasebe-2/versions/831c9f24ec4b90de {"status":"FINALIZED","config":{}}
[debug] [2025-03-20T20:50:31.929Z] <<< [apiv2][status] PATCH https://firebasehosting.googleapis.com/v1beta1/projects/-/sites/escafood-muhasebe-2/versions/831c9f24ec4b90de 200
[debug] [2025-03-20T20:50:31.929Z] <<< [apiv2][body] PATCH https://firebasehosting.googleapis.com/v1beta1/projects/-/sites/escafood-muhasebe-2/versions/831c9f24ec4b90de {"name":"projects/192904643406/sites/escafood-muhasebe-2/versions/831c9f24ec4b90de","status":"FINALIZED","config":{},"labels":{"deployment-tool":"cli-firebase"},"createTime":"2025-03-20T20:50:30.015943Z","createUser":{"email":"onurozturkler@gmail.com"},"finalizeTime":"2025-03-20T20:50:31.046386Z","finalizeUser":{"email":"onurozturkler@gmail.com"}}
[debug] [2025-03-20T20:50:31.929Z] [hosting] finalized version for escafood-muhasebe-2:[object Object]
[info] +  hosting[escafood-muhasebe-2]: version finalized 
[info] i  hosting[escafood-muhasebe-2]: releasing new version... 
[debug] [2025-03-20T20:50:31.931Z] Checked if tokens are valid: true, expires at: 1742507427292
[debug] [2025-03-20T20:50:31.931Z] Checked if tokens are valid: true, expires at: 1742507427292
[debug] [2025-03-20T20:50:31.931Z] >>> [apiv2][query] POST https://firebasehosting.googleapis.com/v1beta1/projects/-/sites/escafood-muhasebe-2/channels/live/releases versionName=projects%2F192904643406%2Fsites%2Fescafood-muhasebe-2%2Fversions%2F831c9f24ec4b90de
[debug] [2025-03-20T20:50:31.932Z] >>> [apiv2][body] POST https://firebasehosting.googleapis.com/v1beta1/projects/-/sites/escafood-muhasebe-2/channels/live/releases {}
[debug] [2025-03-20T20:50:32.278Z] <<< [apiv2][status] POST https://firebasehosting.googleapis.com/v1beta1/projects/-/sites/escafood-muhasebe-2/channels/live/releases 200
[debug] [2025-03-20T20:50:32.279Z] <<< [apiv2][body] POST https://firebasehosting.googleapis.com/v1beta1/projects/-/sites/escafood-muhasebe-2/channels/live/releases {"name":"projects/192904643406/sites/escafood-muhasebe-2/channels/live/releases/1742503830821000","version":{"name":"projects/192904643406/sites/escafood-muhasebe-2/versions/831c9f24ec4b90de","status":"FINALIZED","config":{},"labels":{"deployment-tool":"cli-firebase"},"createTime":"2025-03-20T20:50:30.015943Z","createUser":{"email":"onurozturkler@gmail.com","imageUrl":"https://lh3.googleusercontent.com/a/ACg8ocLKWNQjSvLgIQJcY_yTNRYX6tyTZoSHM7rU4yojXRwjaJWD_lg"},"finalizeTime":"2025-03-20T20:50:31.046386Z","finalizeUser":{"email":"onurozturkler@gmail.com","imageUrl":"https://lh3.googleusercontent.com/a/ACg8ocLKWNQjSvLgIQJcY_yTNRYX6tyTZoSHM7rU4yojXRwjaJWD_lg"}},"type":"DEPLOY","releaseTime":"2025-03-20T20:50:30.821Z","releaseUser":{"email":"onurozturkler@gmail.com","imageUrl":"https://lh3.googleusercontent.com/a/ACg8ocLKWNQjSvLgIQJcY_yTNRYX6tyTZoSHM7rU4yojXRwjaJWD_lg"}}
[debug] [2025-03-20T20:50:32.287Z] [hosting] release: {"name":"projects/192904643406/sites/escafood-muhasebe-2/channels/live/releases/1742503830821000","version":{"name":"projects/192904643406/sites/escafood-muhasebe-2/versions/831c9f24ec4b90de","status":"FINALIZED","config":{},"labels":{"deployment-tool":"cli-firebase"},"createTime":"2025-03-20T20:50:30.015943Z","createUser":{"email":"onurozturkler@gmail.com","imageUrl":"https://lh3.googleusercontent.com/a/ACg8ocLKWNQjSvLgIQJcY_yTNRYX6tyTZoSHM7rU4yojXRwjaJWD_lg"},"finalizeTime":"2025-03-20T20:50:31.046386Z","finalizeUser":{"email":"onurozturkler@gmail.com","imageUrl":"https://lh3.googleusercontent.com/a/ACg8ocLKWNQjSvLgIQJcY_yTNRYX6tyTZoSHM7rU4yojXRwjaJWD_lg"}},"type":"DEPLOY","releaseTime":"2025-03-20T20:50:30.821Z","releaseUser":{"email":"onurozturkler@gmail.com","imageUrl":"https://lh3.googleusercontent.com/a/ACg8ocLKWNQjSvLgIQJcY_yTNRYX6tyTZoSHM7rU4yojXRwjaJWD_lg"}}
[info] +  hosting[escafood-muhasebe-2]: release complete 
[info] 
[info] +  Deploy complete! 
[info] 
[info] Project Console: https://console.firebase.google.com/project/escafood-muhasebe-2/overview
[info] Hosting URL: https://escafood-muhasebe-2.web.app
